TN:
SF:assets/config/Colors.js
FNF:0
FNH:0
LF:0
LH:0
BRF:0
BRH:0
end_of_record
TN:
SF:assets/img/logo-only.png
FNF:0
FNH:0
DA:1,1
LF:1
LH:1
BRF:0
BRH:0
end_of_record
TN:
SF:assets/img/logo.png
FNF:0
FNH:0
DA:1,1
LF:1
LH:1
BRF:0
BRH:0
end_of_record
TN:
SF:src/pages/AuthScreen/Login.js
FN:23,Login
FN:28,(anonymous_1)
FN:32,(anonymous_2)
FN:50,(anonymous_3)
FNF:4
FNH:1
FNDA:2,Login
FNDA:0,(anonymous_1)
FNDA:0,(anonymous_2)
FNDA:0,(anonymous_3)
DA:24,2
DA:25,2
DA:26,2
DA:28,2
DA:29,0
DA:30,0
DA:31,0
DA:32,0
DA:33,0
DA:37,2
DA:51,0
DA:52,0
DA:54,0
DA:78,1
LF:14
LH:6
BRDA:51,0,0,0
BRDA:51,0,1,0
BRDA:61,1,0,2
BRDA:61,1,1,0
BRDA:87,2,0,0
BRDA:87,2,1,1
BRDA:102,3,0,0
BRDA:102,3,1,1
BRF:8
BRH:3
end_of_record
TN:
SF:src/pages/AuthScreen/Splash.js
FN:16,Splash
FN:17,(anonymous_1)
FN:18,(anonymous_2)
FNF:3
FNH:2
FNDA:2,Splash
FNDA:2,(anonymous_1)
FNDA:0,(anonymous_2)
DA:17,2
DA:18,2
DA:19,0
DA:23,2
DA:36,1
LF:5
LH:4
BRF:0
BRH:0
end_of_record
TN:
SF:src/pages/FavoriteScreen/Favorite.js
FN:28,Favorite
FN:29,(anonymous_1)
FN:37,(anonymous_2)
FN:38,(anonymous_3)
FN:70,(anonymous_4)
FN:81,(anonymous_5)
FNF:6
FNH:2
FNDA:2,Favorite
FNDA:4,(anonymous_1)
FNDA:0,(anonymous_2)
FNDA:0,(anonymous_3)
FNDA:0,(anonymous_4)
FNDA:0,(anonymous_5)
DA:29,4
DA:30,2
DA:32,2
DA:37,0
DA:39,0
DA:40,0
DA:71,0
DA:72,0
DA:73,0
DA:74,0
DA:81,0
DA:98,1
LF:12
LH:4
BRDA:124,0,0,0
BRDA:124,0,1,1
BRF:2
BRH:1
end_of_record
TN:
SF:src/pages/HomeScreen/Detail.js
FN:23,Detail
FN:26,(anonymous_1)
FN:31,(anonymous_2)
FN:32,(anonymous_3)
FN:33,(anonymous_4)
FN:36,(anonymous_5)
FN:40,(anonymous_6)
FN:41,(anonymous_7)
FN:78,(anonymous_8)
FN:117,(anonymous_9)
FN:126,(anonymous_10)
FNF:11
FNH:3
FNDA:2,Detail
FNDA:4,(anonymous_1)
FNDA:0,(anonymous_2)
FNDA:0,(anonymous_3)
FNDA:0,(anonymous_4)
FNDA:0,(anonymous_5)
FNDA:2,(anonymous_6)
FNDA:0,(anonymous_7)
FNDA:0,(anonymous_8)
FNDA:0,(anonymous_9)
FNDA:0,(anonymous_10)
DA:24,2
DA:25,2
DA:26,4
DA:28,2
DA:29,2
DA:31,2
DA:32,2
DA:33,2
DA:34,0
DA:36,2
DA:37,0
DA:40,2
DA:41,2
DA:42,0
DA:44,2
DA:47,2
DA:79,0
DA:118,0
DA:119,0
DA:127,0
DA:128,0
DA:148,1
LF:22
LH:14
BRDA:41,0,0,0
BRDA:41,0,1,2
BRDA:79,1,0,0
BRDA:79,1,1,0
BRDA:83,2,0,0
BRDA:83,2,1,2
BRF:6
BRH:2
end_of_record
TN:
SF:src/pages/HomeScreen/Home.js
FN:32,Home
FN:34,(anonymous_1)
FN:36,(anonymous_2)
FN:40,(anonymous_3)
FN:65,(anonymous_4)
FN:70,(anonymous_5)
FN:73,(anonymous_6)
FN:116,(anonymous_7)
FN:149,(anonymous_8)
FN:152,(anonymous_9)
FN:180,(anonymous_10)
FN:182,(anonymous_11)
FN:185,(anonymous_12)
FNF:13
FNH:4
FNDA:3,Home
FNDA:12,(anonymous_1)
FNDA:3,(anonymous_2)
FNDA:0,(anonymous_3)
FNDA:0,(anonymous_4)
FNDA:0,(anonymous_5)
FNDA:0,(anonymous_6)
FNDA:0,(anonymous_7)
FNDA:9,(anonymous_8)
FNDA:0,(anonymous_9)
FNDA:0,(anonymous_10)
FNDA:0,(anonymous_11)
FNDA:0,(anonymous_12)
DA:33,3
DA:34,12
DA:35,3
DA:36,3
DA:37,3
DA:40,3
DA:41,0
DA:44,3
DA:50,3
DA:51,3
DA:52,3
DA:65,0
DA:71,0
DA:74,0
DA:75,0
DA:76,0
DA:77,0
DA:117,0
DA:122,0
DA:128,0
DA:133,0
DA:150,9
DA:153,0
DA:154,0
DA:155,0
DA:156,0
DA:157,0
DA:159,0
DA:180,0
DA:183,0
DA:186,0
DA:187,0
DA:188,0
DA:189,0
DA:206,1
LF:35
LH:12
BRDA:154,0,0,0
BRDA:154,0,1,0
BRDA:156,1,0,0
BRDA:156,1,1,0
BRDA:166,2,0,3
BRDA:166,2,1,6
BRF:6
BRH:2
end_of_record
TN:
SF:src/pages/ProfileScreen/AboutApp.js
FN:6,AboutApp
FNF:1
FNH:1
FNDA:2,AboutApp
DA:7,2
DA:82,1
LF:2
LH:2
BRF:0
BRH:0
end_of_record
TN:
SF:src/pages/ProfileScreen/AboutMe.js
FN:5,AboutMe
FNF:1
FNH:1
FNDA:2,AboutMe
DA:6,2
DA:23,1
LF:2
LH:2
BRF:0
BRH:0
end_of_record
TN:
SF:src/pages/ProfileScreen/Profile.js
FN:16,Profile
FN:17,(anonymous_1)
FN:24,(anonymous_2)
FN:27,(anonymous_3)
FNF:4
FNH:2
FNDA:2,Profile
FNDA:4,(anonymous_1)
FNDA:0,(anonymous_2)
FNDA:0,(anonymous_3)
DA:17,4
DA:18,2
DA:24,0
DA:27,0
DA:35,1
LF:5
LH:3
BRF:0
BRH:0
end_of_record
TN:
SF:src/redux/store.js
FNF:0
FNH:0
DA:6,5
DA:7,5
DA:9,5
LF:3
LH:3
BRF:0
BRH:0
end_of_record
TN:
SF:src/redux/action/actions.js
FN:1,(anonymous_0)
FN:8,(anonymous_1)
FN:15,(anonymous_2)
FN:22,(anonymous_3)
FN:29,(anonymous_4)
FN:36,(anonymous_5)
FN:43,(anonymous_6)
FN:50,(anonymous_7)
FN:57,(anonymous_8)
FN:64,(anonymous_9)
FN:71,(anonymous_10)
FNF:11
FNH:1
FNDA:0,(anonymous_0)
FNDA:3,(anonymous_1)
FNDA:0,(anonymous_2)
FNDA:0,(anonymous_3)
FNDA:0,(anonymous_4)
FNDA:0,(anonymous_5)
FNDA:0,(anonymous_6)
FNDA:0,(anonymous_7)
FNDA:0,(anonymous_8)
FNDA:0,(anonymous_9)
FNDA:0,(anonymous_10)
DA:1,4
DA:2,0
DA:8,4
DA:9,3
DA:15,4
DA:16,0
DA:22,4
DA:23,0
DA:29,4
DA:30,0
DA:36,4
DA:37,0
DA:43,4
DA:44,0
DA:50,4
DA:51,0
DA:57,4
DA:58,0
DA:64,4
DA:65,0
DA:71,4
DA:72,0
LF:22
LH:12
BRF:0
BRH:0
end_of_record
TN:
SF:src/redux/reducer/combine.js
FNF:0
FNH:0
LF:0
LH:0
BRF:0
BRH:0
end_of_record
TN:
SF:src/redux/reducer/reducers.js
FN:12,(anonymous_0)
FN:59,(anonymous_1)
FNF:2
FNH:1
FNDA:18,(anonymous_0)
FNDA:0,(anonymous_1)
DA:1,5
DA:12,5
DA:13,18
DA:14,18
DA:16,0
DA:21,0
DA:26,0
DA:31,0
DA:36,0
DA:41,0
DA:46,0
DA:51,0
DA:56,0
DA:59,0
DA:63,18
LF:15
LH:5
BRDA:12,0,0,15
BRDA:14,1,0,0
BRDA:14,1,1,0
BRDA:14,1,2,0
BRDA:14,1,3,0
BRDA:14,1,4,0
BRDA:14,1,5,0
BRDA:14,1,6,0
BRDA:14,1,7,0
BRDA:14,1,8,0
BRDA:14,1,9,18
BRF:11
BRH:2
end_of_record
TN:
SF:src/redux/saga/sagas.js
FN:4,(anonymous_0)
FN:16,(anonymous_1)
FN:28,(anonymous_2)
FN:40,(anonymous_3)
FN:52,(anonymous_4)
FN:64,(anonymous_5)
FN:76,(anonymous_6)
FN:91,fetchAllMovies
FN:98,fetchTopRated
FN:106,fetchUpcoming
FN:114,fetchDetail
FN:122,fetchVideoDetail
FN:130,fetchGetReview
FN:139,getRandomName
FN:146,postRating
FN:153,fetchGetToken
FN:161,addFavorites
FN:168,removeFavorites
FN:175,rootSagas
FNF:19
FNH:3
FNDA:4,(anonymous_0)
FNDA:0,(anonymous_1)
FNDA:0,(anonymous_2)
FNDA:0,(anonymous_3)
FNDA:0,(anonymous_4)
FNDA:0,(anonymous_5)
FNDA:0,(anonymous_6)
FNDA:4,fetchAllMovies
FNDA:0,fetchTopRated
FNDA:0,fetchUpcoming
FNDA:0,fetchDetail
FNDA:0,fetchVideoDetail
FNDA:0,fetchGetReview
FNDA:0,getRandomName
FNDA:0,postRating
FNDA:0,fetchGetToken
FNDA:0,addFavorites
FNDA:0,removeFavorites
FNDA:5,rootSagas
DA:4,6
DA:5,4
DA:6,4
DA:10,0
DA:12,0
DA:16,6
DA:17,0
DA:18,0
DA:22,0
DA:24,0
DA:28,6
DA:29,0
DA:30,0
DA:34,0
DA:36,0
DA:40,6
DA:41,0
DA:42,0
DA:46,0
DA:48,0
DA:52,6
DA:53,0
DA:54,0
DA:58,0
DA:60,0
DA:64,6
DA:65,0
DA:66,0
DA:70,0
DA:72,0
DA:76,6
DA:77,0
DA:78,0
DA:82,0
DA:83,0
DA:85,0
DA:92,4
DA:93,0
DA:99,0
DA:100,0
DA:107,0
DA:108,0
DA:115,0
DA:116,0
DA:123,0
DA:124,0
DA:131,0
DA:132,0
DA:133,0
DA:140,0
DA:147,0
DA:154,0
DA:155,0
DA:162,0
DA:169,0
DA:176,5
DA:177,5
DA:178,5
DA:179,5
DA:180,5
DA:181,5
DA:182,5
DA:183,5
DA:184,5
DA:185,5
DA:186,5
LF:66
LH:21
BRF:0
BRH:0
end_of_record
